[13] 15:15:29 @raytracer | 4 | 4 | 20
[17] 15:19:40 @raytracer | 4 | 4 | 20
[16] 15:19:40 @raytracer | 4 | 4 | 20
[19] 15:20:52 @raytracer | 4 | 4 | 20
[20] 15:20:52 @raytracer | 4 | 4 | 20
[21] 15:20:52 @raytracer | 4 | 4 | 20
[20] 15:21:16 @raytracer | 4 | 4 | 20
[21] 15:21:16 @raytracer | 4 | 4 | 20
[21] 15:21:51 @raytracer | 4 | 4 | 20
[20] 15:21:51 @raytracer | 4 | 4 | 20
[20] 15:22:26 @raytracer | 4 | 4 | 20
[21] 15:22:26 @raytracer | 4 | 4 | 20
[21] 15:22:37 @raytracer | 4 | 4 | 20
[23] 15:25:03 @raytracer | 4 | 4 | 20
[22] 15:25:03 @raytracer | 4 | 4 | 20
[13] 15:25:56 @raytracer | 4 | 4 | 20
[14] 15:25:56 @raytracer | 4 | 4 | 20
[19] 15:32:09 @raytracer | 4 | 4 | 20
[22] 15:32:09 @raytracer | 4 | 4 | 20
[20] 15:32:09 @raytracer | 4 | 4 | 20
[21] 15:32:09 @raytracer | 4 | 4 | 20
[21] 15:32:35 @raytracer | 4 | 4 | 20
[20] 15:32:35 @raytracer | 4 | 4 | 20
[19] 15:32:35 @raytracer | 4 | 4 | 20
[23] 15:34:19 @raytracer | 4 | 4 | 20
[24] 15:35:27 @raytracer | 4 | 4 | 20
[25] 15:36:49 @raytracer | 4 | 4 | 20
[13] 15:42:05 @raytracer | 4 | 4 | 20
[13] 15:42:11 @raytracer | 4 | 4 | 20
[13] 15:42:21 @raytracer | 4 | 4 | 20
[17] 15:43:27 @raytracer | 4 | 4 | 20
[18] 15:43:27 @raytracer | 4 | 4 | 20
[14] 15:44:08 @raytracer | 4 | 4 | 20
[13] 15:44:08 @raytracer | 4 | 4 | 20
[15] 15:44:08 @raytracer | 4 | 4 | 20
[14] 15:49:09 @raytracer | 4 | 4 | 20
[13] 15:49:09 @raytracer | 4 | 4 | 20
[15] 15:49:09 @raytracer | 4 | 4 | 20
[14] 16:11:54 @raytracer | 4 | null | 20
[14] 16:12:26 @raytracer | 4 | null | 20
[14] 16:12:34 @raytracer | 4 | null | 20
[16] 16:12:39 @raytracer | 4 | null | 20
[14] 16:14:34 @raytracer | 4 | null | 20
[14] 16:15:58 @raytracer | 4 | null | 20
[17] 16:17:28 @imageproc | 6 | 5 | 286
[17] 16:17:53 @imageproc | 9 | 10 | 552
[17] 16:18:05 @imageproc | 12 | 15 | 818
[23] 16:18:11 @imageproc | 15 | 5 | 1084
[17] 16:18:12 @imageproc | 18 | 20 | 1350
[17] 16:18:13 @imageproc | 21 | 25 | 1616
[23] 16:18:13 @imageproc | 24 | 10 | 1882
[23] 16:19:00 @imageproc | 27 | 15 | 2140
[23] 16:19:05 @imageproc | 30 | 20 | 2398
[17] 16:19:08 @imageproc | 33 | 30 | 2656
[17] 16:19:09 @imageproc | 36 | 35 | 2914
[17] 16:19:10 @imageproc | 39 | 40 | 3172
[14] 16:20:46 @imageproc | 6 | 5 | 278
[14] 16:20:56 @imageproc | 9 | 5 | 544
[14] 16:21:03 @imageproc | 12 | 5 | 810
[14] 16:21:06 @imageproc | 15 | 5 | 1076
[14] 16:21:07 @imageproc | 18 | 5 | 1342
[14] 16:21:07 @imageproc | 21 | 5 | 1608
[14] 16:29:01 @imageproc | 2 | 5 | 5
[14] 16:29:03 @imageproc | 3 | 5 | 5
[14] 16:29:06 @imageproc | 3 | 5 | 5
[14] 16:29:09 @imageproc | 3 | 5 | 5
[14] 16:29:11 @imageproc | 3 | 5 | 5
[21] 16:29:13 @imageproc | 2 | 5 | 5
[14] 16:29:14 @imageproc | 3 | 5 | 5
[21] 16:29:15 @imageproc | 3 | 5 | 5
[14] 16:29:38 @imageproc | 3 | 5 | 5
[14] 16:29:43 @imageproc | 3 | 5 | 5
[14] 16:29:56 @raytracer | 1 | null | null
[14] 16:30:01 @raytracer | null | null | null
[14] 16:30:04 @raytracer | null | null | null
